<?xml version="1.0" encoding="UTF-8"?>
<!-- Generated by org.testng.reporters.JUnitReportReporter -->
<testsuite hostname="CASTLE" failures="0" tests="1" name="Hello.OrangeHRMProject.MyInfo" time="30.029" errors="0" timestamp="2025-01-17T13:15:52 GMT+03:00" skipped="0">
  <testcase classname="Hello.OrangeHRMProject.MyInfo" name="MyInformaion" time="30.029"/>
  <system-out/>
</testsuite> <!-- Hello.OrangeHRMProject.MyInfo -->
